0 info it worked if it ends with ok
1 verbose cli [ '/home/cpu203/.nvm/v0.10.22/bin/node',
1 verbose cli   '/home/cpu203/.nvm/v0.10.22/bin/npm',
1 verbose cli   'run',
1 verbose cli   'dev' ]
2 info using npm@1.3.14
3 info using node@v0.10.22
4 verbose run-script [ 'predev', 'dev', 'postdev' ]
5 info predev online_payment_server@1.0.0
6 info dev online_payment_server@1.0.0
7 verbose unsafe-perm in lifecycle true
8 info online_payment_server@1.0.0 Failed to exec dev script
9 error online_payment_server@1.0.0 dev: `concurrently "nodemon server.js " " cd ./admin_modules/project && npm start"`
9 error Exit status 8
10 error Failed at the online_payment_server@1.0.0 dev script.
10 error This is most likely a problem with the online_payment_server package,
10 error not with npm itself.
10 error Tell the author that this fails on your system:
10 error     concurrently "nodemon server.js " " cd ./admin_modules/project && npm start"
10 error You can get their info via:
10 error     npm owner ls online_payment_server
10 error There is likely additional logging output above.
11 error System Linux 4.15.0-39-generic
12 error command "/home/cpu203/.nvm/v0.10.22/bin/node" "/home/cpu203/.nvm/v0.10.22/bin/npm" "run" "dev"
13 error cwd /home/cpu203/Documents/online_server/Online_Payment_Server
14 error node -v v0.10.22
15 error npm -v 1.3.14
16 error code ELIFECYCLE
17 verbose exit [ 1, true ]
